<?xml version="1.0" encoding="UTF-8"?>
<testsuite xmlns:xsi="http://www.w3.org/2001/XMLSchema-instance" xsi:noNamespaceSchemaLocation="https://maven.apache.org/surefire/maven-surefire-plugin/xsd/surefire-test-report-3.0.xsd" version="3.0" name="org.ems.EMSServiceTest" time="0.632" tests="22" errors="0" skipped="0" failures="0">
  <properties>
[...]
</properties>
  <testcase name="testGetEventNullId" classname="org.ems.EMSServiceTest" time="0.436"/>
  <testcase name="testGetEvent" classname="org.ems.EMSServiceTest" time="0.003"/>
  <testcase name="testCreateEvent" classname="org.ems.EMSServiceTest" time="0.005"/>
  <testcase name="testRegisterUser" classname="org.ems.EMSServiceTest" time="0.003"/>
  <testcase name="testRegisterGroupWrongTeamSize" classname="org.ems.EMSServiceTest" time="0.002"/>
  <testcase name="testRegisterIndividualSuccess" classname="org.ems.EMSServiceTest" time="0.004"/>
  <testcase name="testRegisterGroupSuccess" classname="org.ems.EMSServiceTest" time="0.002"/>
  <testcase name="testAuthenticateValid" classname="org.ems.EMSServiceTest" time="0.003"/>
  <testcase name="testGetAllEvents" classname="org.ems.EMSServiceTest" time="0.002"/>
  <testcase name="testDeleteEventSuccess" classname="org.ems.EMSServiceTest" time="0.003"/>
  <testcase name="testCountParticipantsGroup" classname="org.ems.EMSServiceTest" time="0.003"/>
  <testcase name="testEmailExists" classname="org.ems.EMSServiceTest" time="0.003"/>
  <testcase name="testAuthenticateInvalidPassword" classname="org.ems.EMSServiceTest" time="0.002"/>
  <testcase name="testGetRegistrationsForUser" classname="org.ems.EMSServiceTest" time="0.001"/>
  <testcase name="testCountParticipantsIndividual" classname="org.ems.EMSServiceTest" time="0.002"/>
  <testcase name="testFindUserByEmail" classname="org.ems.EMSServiceTest" time="0.002"/>
  <testcase name="testRegisterIndividualEventFull" classname="org.ems.EMSServiceTest" time="0.002"/>
  <testcase name="testAuthenticateUserNotFound" classname="org.ems.EMSServiceTest" time="0.003"/>
  <testcase name="testResetPassword" classname="org.ems.EMSServiceTest" time="0.003"/>
  <testcase name="testDeleteEventNotFound" classname="org.ems.EMSServiceTest" time="0.005"/>
  <testcase name="testRegisterIndividualAlreadyRegistered" classname="org.ems.EMSServiceTest" time="0.002"/>
  <testcase name="testDeleteEventNullId" classname="org.ems.EMSServiceTest" time="0.002"/>
</testsuite>